<?xml version="1.0" encoding="UTF-8"?>
<testng-results ignored="0" total="2" passed="2" failed="0" skipped="0">
  <reporter-output>
  </reporter-output>
  <suite started-at="2025-07-06T12:49:43 IST" name="Default suite" finished-at="2025-07-06T12:49:56 IST" duration-ms="13095">
    <groups>
    </groups>
    <test started-at="2025-07-06T12:49:43 IST" name="Default test" finished-at="2025-07-06T12:49:56 IST" duration-ms="13095">
      <class name="Test.TestClass">
        <test-method is-config="true" signature="setup()[pri:0, instance:Test.TestClass@7b98f307]" started-at="2025-07-06T12:49:43 IST" name="setup" finished-at="2025-07-06T12:49:51 IST" duration-ms="8590" status="PASS">
          <reporter-output>
          </reporter-output>
        </test-method> <!-- setup -->
        <test-method signature="test1()[pri:0, instance:Test.TestClass@7b98f307]" started-at="2025-07-06T12:49:51 IST" name="test1" finished-at="2025-07-06T12:49:51 IST" duration-ms="10" status="PASS">
          <reporter-output>
          </reporter-output>
        </test-method> <!-- test1 -->
        <test-method is-config="true" signature="teardown()[pri:0, instance:Test.TestClass@7b98f307]" started-at="2025-07-06T12:49:51 IST" name="teardown" finished-at="2025-07-06T12:49:52 IST" duration-ms="395" status="PASS">
          <reporter-output>
          </reporter-output>
        </test-method> <!-- teardown -->
        <test-method is-config="true" signature="setup()[pri:0, instance:Test.TestClass@7b98f307]" started-at="2025-07-06T12:49:52 IST" name="setup" finished-at="2025-07-06T12:49:55 IST" duration-ms="3585" status="PASS">
          <reporter-output>
          </reporter-output>
        </test-method> <!-- setup -->
        <test-method signature="test2()[pri:0, instance:Test.TestClass@7b98f307]" started-at="2025-07-06T12:49:55 IST" name="test2" finished-at="2025-07-06T12:49:55 IST" duration-ms="1" status="PASS">
          <reporter-output>
          </reporter-output>
        </test-method> <!-- test2 -->
        <test-method is-config="true" signature="teardown()[pri:0, instance:Test.TestClass@7b98f307]" started-at="2025-07-06T12:49:55 IST" name="teardown" finished-at="2025-07-06T12:49:56 IST" duration-ms="463" status="PASS">
          <reporter-output>
          </reporter-output>
        </test-method> <!-- teardown -->
      </class> <!-- Test.TestClass -->
    </test> <!-- Default test -->
  </suite> <!-- Default suite -->
</testng-results>
